<?xml version="1.0" encoding="UTF-8"?>
<testng-results ignored="0" total="1" passed="1" failed="0" skipped="0">
  <reporter-output>
  </reporter-output>
  <suite started-at="2021-09-17T19:29:42 IST" name="Suite" finished-at="2021-09-17T19:30:00 IST" duration-ms="18529">
    <groups>
    </groups>
    <test started-at="2021-09-17T19:29:42 IST" name="Test_01" finished-at="2021-09-17T19:30:00 IST" duration-ms="18529">
      <class name="com.qa.testScript.Example_001">
        <test-method is-config="true" signature="Setup(java.lang.String, java.lang.String)[pri:0, instance:com.qa.testScript.Example_001@3d1cfad4]" started-at="2021-09-17T19:29:42 IST" name="Setup" finished-at="2021-09-17T19:29:56 IST" duration-ms="13911" status="PASS">
          <params>
            <param index="0">
              <value>
                <![CDATA[https://opensource-demo.orangehrmlive.com/]]>
              </value>
            </param>
            <param index="1">
              <value>
                <![CDATA[Chrome]]>
              </value>
            </param>
          </params>
          <reporter-output>
          </reporter-output>
        </test-method> <!-- Setup -->
        <test-method signature="Recruitment(java.lang.String, java.lang.String)[pri:0, instance:com.qa.testScript.Example_001@3d1cfad4]" started-at="2021-09-17T19:29:57 IST" name="Recruitment" data-provider="Example" finished-at="2021-09-17T19:29:59 IST" duration-ms="2316" status="PASS">
          <params>
            <param index="0">
              <value>
                <![CDATA[orange]]>
              </value>
            </param>
            <param index="1">
              <value>
                <![CDATA[hrm]]>
              </value>
            </param>
          </params>
          <reporter-output>
          </reporter-output>
        </test-method> <!-- Recruitment -->
        <test-method is-config="true" signature="TearDown()[pri:0, instance:com.qa.testScript.Example_001@3d1cfad4]" started-at="2021-09-17T19:29:59 IST" name="TearDown" finished-at="2021-09-17T19:30:00 IST" duration-ms="725" status="PASS">
          <reporter-output>
          </reporter-output>
        </test-method> <!-- TearDown -->
      </class> <!-- com.qa.testScript.Example_001 -->
    </test> <!-- Test_01 -->
  </suite> <!-- Suite -->
</testng-results>
