<?xml version="1.0" encoding="UTF-8"?>
<testng-results ignored="0" total="2" passed="2" failed="0" skipped="0">
  <reporter-output>
    <line>
      <![CDATA[First Name entered]]>
    </line>
    <line>
      <![CDATA[Last Name entered]]>
    </line>
    <line>
      <![CDATA[UserName entered]]>
    </line>
    <line>
      <![CDATA[Password entered]]>
    </line>
    <line>
      <![CDATA[ConfirmPassword entered]]>
    </line>
    <line>
      <![CDATA[Employee is saved and personal information page is displayed]]>
    </line>
    <line>
      <![CDATA[Employee Name is entered]]>
    </line>
    <line>
      <![CDATA[Employee is found]]>
    </line>
    <line>
      <![CDATA[Employee Record :Id First (& Middle) Name Last Name Job Title Employment Status Sub Unit Supervisor
0259 Kim Smith]]>
    </line>
  </reporter-output>
  <suite started-at="2021-09-19T14:45:08 IST" name="Suite" finished-at="2021-09-19T14:46:22 IST" duration-ms="74704">
    <groups>
    </groups>
    <test started-at="2021-09-19T14:45:08 IST" name="Test_01" finished-at="2021-09-19T14:46:22 IST" duration-ms="74704">
      <class name="com.qa.testScript.TC_OrangeHrm_011">
        <test-method is-config="true" signature="Setup(java.lang.String, java.lang.String)[pri:0, instance:com.qa.testScript.TC_OrangeHrm_011@cad498c]" started-at="2021-09-19T14:45:08 IST" name="Setup" finished-at="2021-09-19T14:45:28 IST" duration-ms="20544" status="PASS">
          <params>
            <param index="0">
              <value>
                <![CDATA[https://opensource-demo.orangehrmlive.com/]]>
              </value>
            </param>
            <param index="1">
              <value>
                <![CDATA[Chrome]]>
              </value>
            </param>
          </params>
          <reporter-output>
          </reporter-output>
        </test-method> <!-- Setup -->
        <test-method signature="addEmployee(java.lang.String, java.lang.String, java.lang.String, java.lang.String, java.lang.String)[pri:0, instance:com.qa.testScript.TC_OrangeHrm_011@cad498c]" started-at="2021-09-19T14:45:31 IST" name="addEmployee" data-provider="AddEmployee" finished-at="2021-09-19T14:45:59 IST" duration-ms="27577" status="PASS">
          <params>
            <param index="0">
              <value>
                <![CDATA[Kim]]>
              </value>
            </param>
            <param index="1">
              <value>
                <![CDATA[Smith]]>
              </value>
            </param>
            <param index="2">
              <value>
                <![CDATA[KimSmith]]>
              </value>
            </param>
            <param index="3">
              <value>
                <![CDATA[Aa#8861189703]]>
              </value>
            </param>
            <param index="4">
              <value>
                <![CDATA[Aa#8861189703]]>
              </value>
            </param>
          </params>
          <reporter-output>
            <line>
              <![CDATA[First Name entered]]>
            </line>
            <line>
              <![CDATA[Last Name entered]]>
            </line>
            <line>
              <![CDATA[UserName entered]]>
            </line>
            <line>
              <![CDATA[Password entered]]>
            </line>
            <line>
              <![CDATA[ConfirmPassword entered]]>
            </line>
            <line>
              <![CDATA[Employee is saved and personal information page is displayed]]>
            </line>
          </reporter-output>
        </test-method> <!-- addEmployee -->
        <test-method signature="getEmployeeRecord(java.lang.String)[pri:1, instance:com.qa.testScript.TC_OrangeHrm_011@cad498c]" started-at="2021-09-19T14:45:59 IST" name="getEmployeeRecord" data-provider="getEmployeeRecord" finished-at="2021-09-19T14:46:22 IST" depends-on-methods="com.qa.testScript.TC_OrangeHrm_011.addEmployee" duration-ms="22910" status="PASS">
          <params>
            <param index="0">
              <value>
                <![CDATA[Kim Smith]]>
              </value>
            </param>
          </params>
          <reporter-output>
            <line>
              <![CDATA[Employee Name is entered]]>
            </line>
            <line>
              <![CDATA[Employee is found]]>
            </line>
            <line>
              <![CDATA[Employee Record :Id First (& Middle) Name Last Name Job Title Employment Status Sub Unit Supervisor
0259 Kim Smith]]>
            </line>
          </reporter-output>
        </test-method> <!-- getEmployeeRecord -->
        <test-method is-config="true" signature="TearDown()[pri:0, instance:com.qa.testScript.TC_OrangeHrm_011@cad498c]" started-at="2021-09-19T14:46:22 IST" name="TearDown" finished-at="2021-09-19T14:46:22 IST" duration-ms="495" status="PASS">
          <reporter-output>
          </reporter-output>
        </test-method> <!-- TearDown -->
      </class> <!-- com.qa.testScript.TC_OrangeHrm_011 -->
    </test> <!-- Test_01 -->
  </suite> <!-- Suite -->
</testng-results>
